2017-07-27 9:07:47 - MOD: Modification Default

FILE: system/engine/action.php
REGEX: ~(require|include)(_once)?\(([^)]+)~
LINE: 41

FILE: system/engine/loader.php
REGEX: ~(require|include)(_once)?\(([^)]+)~
LINE: 49
LINE: 108
LINE: 120
LINE: 165

FILE: system/library/config.php
REGEX: ~(require|include)(_once)?\(([^)]+)~
LINE: 23

FILE: system/library/language.php
REGEX: ~(require|include)(_once)?\(([^)]+)~
LINE: 38
LINE: 40
LINE: 49
LINE: 51
LINE: 60
LINE: 62

FILE: system/library/template/php.php
REGEX: ~(require|include)(_once)?\(([^)]+)~
LINE: 18

FILE: system/library/template/tiwg.php
REGEX: ~(require|include)(_once)?\(([^)]+)~
LINE: 24
----------------------------------------------------------------
2017-07-27 9:10:24 - MOD: Modification Default

FILE: system/engine/action.php
REGEX: ~(require|include)(_once)?\(([^)]+)~
LINE: 41

FILE: system/engine/loader.php
REGEX: ~(require|include)(_once)?\(([^)]+)~
LINE: 49
LINE: 108
LINE: 120
LINE: 165

FILE: system/library/config.php
REGEX: ~(require|include)(_once)?\(([^)]+)~
LINE: 23

FILE: system/library/language.php
REGEX: ~(require|include)(_once)?\(([^)]+)~
LINE: 38
LINE: 40
LINE: 49
LINE: 51
LINE: 60
LINE: 62

FILE: system/library/template/php.php
REGEX: ~(require|include)(_once)?\(([^)]+)~
LINE: 18

FILE: system/library/template/tiwg.php
REGEX: ~(require|include)(_once)?\(([^)]+)~
LINE: 24
----------------------------------------------------------------
2017-11-07 14:45:14 - MOD: Modification Default

FILE: system/engine/action.php
REGEX: ~(require|include)(_once)?\(([^)]+)~
LINE: 41

FILE: system/engine/loader.php
REGEX: ~(require|include)(_once)?\(([^)]+)~
LINE: 49
LINE: 108
LINE: 120
LINE: 165

FILE: system/library/config.php
REGEX: ~(require|include)(_once)?\(([^)]+)~
LINE: 23

FILE: system/library/language.php
REGEX: ~(require|include)(_once)?\(([^)]+)~
LINE: 38
LINE: 40
LINE: 49
LINE: 51
LINE: 60
LINE: 62

FILE: system/library/template/php.php
REGEX: ~(require|include)(_once)?\(([^)]+)~
LINE: 18

FILE: system/library/template/tiwg.php
REGEX: ~(require|include)(_once)?\(([^)]+)~
LINE: 24
----------------------------------------------------------------
MOD: Product Option Image

FILE: admin/language/en-gb/catalog/product.php
CODE: // Text
LINE: 8

FILE: admin/controller/catalog/product.php
CODE: $this->load->model('customer/customer_group');
LINE: 1183
CODE: $this->load->model('catalog/option');
LINE: 1100
LINE: 1423
CODE: $product_option_value_data[] = array(
LINE: 1124
LINE: 1481
CODE: 'weight'                  => $product_option_value['weight'],
LINE: 1137

FILE: admin/view/template/catalog/product_form.tpl
CODE: <li><a href="#tab-option" data-toggle="tab"><?php echo $tab_option; ?></a></li>
LINE: 37
CODE: <div class="tab-pane" id="tab-option">
LINE: 500
CODE: <?php echo $footer; ?>
LINE: 1489
CODE: value="<?php echo $product_option_value['weight']; ?>" placeholder="<?php echo $entry_weight; ?>" class="form-control" /></td>
LINE: 679
CODE: placeholder="<?php echo $entry_weight; ?>" class="form-control" /></td>';
LINE: 1346
CODE: <td class="text-right"><?php echo $entry_weight; ?></td>';
LINE: 1266

FILE: admin/model/catalog/product.php
CODE: public function addProduct($data) {
LINE: 63
CODE: public function editProduct($product_id, $data) {
LINE: 205
CODE: public function getTotalProducts($data = array()) {
LINE: 695
CODE: weight_prefix = '" . $this->db->escape($product_option_value['weight_prefix']) . "'
LINE: 106
LINE: 253
CODE: 'weight'                  => $product_option_value['weight'],
LINE: 584
CODE: SELECT * FROM " . DB_PREFIX . "product_option_value
LINE: 571

FILE: catalog/controller/product/product.php
CODE: $data['options'] = array();
LINE: 479

FILE: catalog/view/theme/baghli-arbash/template/product/product.tpl
CODE: <?php echo $footer; ?>
LINE: 795

FILE: catalog/view/theme/default/template/product/product.tpl
CODE: <?php echo $footer; ?>
LINE: 630

FILE: catalog/model/catalog/product.php
CODE: SELECT * FROM " . DB_PREFIX . "product_option_value pov
LINE: 464
CODE: public function getProductOptions($product_id) {
LINE: 492
----------------------------------------------------------------
MOD: Subcategory Products in Parent Category

FILE: catalog/controller/product/category.php
CODE: 'filter_category_id' => $category_id,
LINE: 239

FILE: catalog/controller/extension/module/category.php
CODE: $categories = $this->model_catalog_category->getCategories(0);
LINE: 31

FILE: catalog/view/theme/baghli-arbash/template/extension/module/category.tpl
CODE: <div class="list-group">
LINE: 0

FILE: catalog/view/theme/default/template/extension/module/category.tpl
CODE: <div class="list-group">
LINE: 0
----------------------------------------------------------------
2017-11-07 17:47:01 - MOD: Modification Default

FILE: system/engine/action.php
REGEX: ~(require|include)(_once)?\(([^)]+)~
LINE: 41

FILE: system/engine/loader.php
REGEX: ~(require|include)(_once)?\(([^)]+)~
LINE: 49
LINE: 108
LINE: 120
LINE: 165

FILE: system/library/config.php
REGEX: ~(require|include)(_once)?\(([^)]+)~
LINE: 23

FILE: system/library/language.php
REGEX: ~(require|include)(_once)?\(([^)]+)~
LINE: 38
LINE: 40
LINE: 49
LINE: 51
LINE: 60
LINE: 62

FILE: system/library/template/php.php
REGEX: ~(require|include)(_once)?\(([^)]+)~
LINE: 18

FILE: system/library/template/tiwg.php
REGEX: ~(require|include)(_once)?\(([^)]+)~
LINE: 24
----------------------------------------------------------------
MOD: Product Option Image

FILE: admin/language/en-gb/catalog/product.php
CODE: // Text
LINE: 8

FILE: admin/controller/catalog/product.php
CODE: $this->load->model('customer/customer_group');
LINE: 1183
CODE: $this->load->model('catalog/option');
LINE: 1100
LINE: 1423
CODE: $product_option_value_data[] = array(
LINE: 1124
LINE: 1481
CODE: 'weight'                  => $product_option_value['weight'],
LINE: 1137

FILE: admin/view/template/catalog/product_form.tpl
CODE: <li><a href="#tab-option" data-toggle="tab"><?php echo $tab_option; ?></a></li>
LINE: 37
CODE: <div class="tab-pane" id="tab-option">
LINE: 500
CODE: <?php echo $footer; ?>
LINE: 1489
CODE: value="<?php echo $product_option_value['weight']; ?>" placeholder="<?php echo $entry_weight; ?>" class="form-control" /></td>
LINE: 679
CODE: placeholder="<?php echo $entry_weight; ?>" class="form-control" /></td>';
LINE: 1346
CODE: <td class="text-right"><?php echo $entry_weight; ?></td>';
LINE: 1266

FILE: admin/model/catalog/product.php
CODE: public function addProduct($data) {
LINE: 63
CODE: public function editProduct($product_id, $data) {
LINE: 205
CODE: public function getTotalProducts($data = array()) {
LINE: 695
CODE: weight_prefix = '" . $this->db->escape($product_option_value['weight_prefix']) . "'
LINE: 106
LINE: 253
CODE: 'weight'                  => $product_option_value['weight'],
LINE: 584
CODE: SELECT * FROM " . DB_PREFIX . "product_option_value
LINE: 571

FILE: catalog/controller/product/product.php
CODE: $data['options'] = array();
LINE: 479

FILE: catalog/view/theme/baghli-arbash/template/product/product.tpl
CODE: <?php echo $footer; ?>
LINE: 795

FILE: catalog/view/theme/default/template/product/product.tpl
CODE: <?php echo $footer; ?>
LINE: 630

FILE: catalog/model/catalog/product.php
CODE: SELECT * FROM " . DB_PREFIX . "product_option_value pov
LINE: 464
CODE: public function getProductOptions($product_id) {
LINE: 492
----------------------------------------------------------------
MOD: Subcategory Products in Parent Category

FILE: catalog/controller/product/category.php
CODE: 'filter_category_id' => $category_id,
LINE: 239

FILE: catalog/controller/extension/module/category.php
CODE: $categories = $this->model_catalog_category->getCategories(0);
LINE: 31

FILE: catalog/view/theme/baghli-arbash/template/extension/module/category.tpl
CODE: <div class="list-group">
LINE: 0

FILE: catalog/view/theme/default/template/extension/module/category.tpl
CODE: <div class="list-group">
LINE: 0
----------------------------------------------------------------
2017-11-07 17:47:46 - MOD: Modification Default

FILE: system/engine/action.php
REGEX: ~(require|include)(_once)?\(([^)]+)~
LINE: 41

FILE: system/engine/loader.php
REGEX: ~(require|include)(_once)?\(([^)]+)~
LINE: 49
LINE: 108
LINE: 120
LINE: 165

FILE: system/library/config.php
REGEX: ~(require|include)(_once)?\(([^)]+)~
LINE: 23

FILE: system/library/language.php
REGEX: ~(require|include)(_once)?\(([^)]+)~
LINE: 38
LINE: 40
LINE: 49
LINE: 51
LINE: 60
LINE: 62

FILE: system/library/template/php.php
REGEX: ~(require|include)(_once)?\(([^)]+)~
LINE: 18

FILE: system/library/template/tiwg.php
REGEX: ~(require|include)(_once)?\(([^)]+)~
LINE: 24
----------------------------------------------------------------
MOD: Product Option Image

FILE: admin/language/en-gb/catalog/product.php
CODE: // Text
LINE: 8

FILE: admin/controller/catalog/product.php
CODE: $this->load->model('customer/customer_group');
LINE: 1183
CODE: $this->load->model('catalog/option');
LINE: 1100
LINE: 1423
CODE: $product_option_value_data[] = array(
LINE: 1124
LINE: 1481
CODE: 'weight'                  => $product_option_value['weight'],
LINE: 1137

FILE: admin/view/template/catalog/product_form.tpl
CODE: <li><a href="#tab-option" data-toggle="tab"><?php echo $tab_option; ?></a></li>
LINE: 37
CODE: <div class="tab-pane" id="tab-option">
LINE: 500
CODE: <?php echo $footer; ?>
LINE: 1489
CODE: value="<?php echo $product_option_value['weight']; ?>" placeholder="<?php echo $entry_weight; ?>" class="form-control" /></td>
LINE: 679
CODE: placeholder="<?php echo $entry_weight; ?>" class="form-control" /></td>';
LINE: 1346
CODE: <td class="text-right"><?php echo $entry_weight; ?></td>';
LINE: 1266

FILE: admin/model/catalog/product.php
CODE: public function addProduct($data) {
LINE: 63
CODE: public function editProduct($product_id, $data) {
LINE: 205
CODE: public function getTotalProducts($data = array()) {
LINE: 695
CODE: weight_prefix = '" . $this->db->escape($product_option_value['weight_prefix']) . "'
LINE: 106
LINE: 253
CODE: 'weight'                  => $product_option_value['weight'],
LINE: 584
CODE: SELECT * FROM " . DB_PREFIX . "product_option_value
LINE: 571

FILE: catalog/controller/product/product.php
CODE: $data['options'] = array();
LINE: 479

FILE: catalog/view/theme/baghli-arbash/template/product/product.tpl
CODE: <?php echo $footer; ?>
NOT FOUND - OPERATIONS ABORTED!

FILE: catalog/view/theme/default/template/product/product.tpl
CODE: <?php echo $footer; ?>
LINE: 630

FILE: catalog/model/catalog/product.php
CODE: SELECT * FROM " . DB_PREFIX . "product_option_value pov
LINE: 464
CODE: public function getProductOptions($product_id) {
LINE: 492
----------------------------------------------------------------
MOD: Subcategory Products in Parent Category

FILE: catalog/controller/product/category.php
CODE: 'filter_category_id' => $category_id,
LINE: 239

FILE: catalog/controller/extension/module/category.php
CODE: $categories = $this->model_catalog_category->getCategories(0);
LINE: 31

FILE: catalog/view/theme/baghli-arbash/template/extension/module/category.tpl
CODE: <div class="list-group">
LINE: 0

FILE: catalog/view/theme/default/template/extension/module/category.tpl
CODE: <div class="list-group">
LINE: 0
----------------------------------------------------------------
2017-11-07 17:50:35 - MOD: Modification Default

FILE: system/engine/action.php
REGEX: ~(require|include)(_once)?\(([^)]+)~
LINE: 41

FILE: system/engine/loader.php
REGEX: ~(require|include)(_once)?\(([^)]+)~
LINE: 49
LINE: 108
LINE: 120
LINE: 165

FILE: system/library/config.php
REGEX: ~(require|include)(_once)?\(([^)]+)~
LINE: 23

FILE: system/library/language.php
REGEX: ~(require|include)(_once)?\(([^)]+)~
LINE: 38
LINE: 40
LINE: 49
LINE: 51
LINE: 60
LINE: 62

FILE: system/library/template/php.php
REGEX: ~(require|include)(_once)?\(([^)]+)~
LINE: 18

FILE: system/library/template/tiwg.php
REGEX: ~(require|include)(_once)?\(([^)]+)~
LINE: 24
----------------------------------------------------------------
MOD: Product Option Image

FILE: admin/language/en-gb/catalog/product.php
CODE: // Text
LINE: 8

FILE: admin/controller/catalog/product.php
CODE: $this->load->model('customer/customer_group');
LINE: 1183
CODE: $this->load->model('catalog/option');
LINE: 1100
LINE: 1423
CODE: $product_option_value_data[] = array(
LINE: 1124
LINE: 1481
CODE: 'weight'                  => $product_option_value['weight'],
LINE: 1137

FILE: admin/view/template/catalog/product_form.tpl
CODE: <li><a href="#tab-option" data-toggle="tab"><?php echo $tab_option; ?></a></li>
LINE: 37
CODE: <div class="tab-pane" id="tab-option">
LINE: 500
CODE: <?php echo $footer; ?>
LINE: 1489
CODE: value="<?php echo $product_option_value['weight']; ?>" placeholder="<?php echo $entry_weight; ?>" class="form-control" /></td>
LINE: 679
CODE: placeholder="<?php echo $entry_weight; ?>" class="form-control" /></td>';
LINE: 1346
CODE: <td class="text-right"><?php echo $entry_weight; ?></td>';
LINE: 1266

FILE: admin/model/catalog/product.php
CODE: public function addProduct($data) {
LINE: 63
CODE: public function editProduct($product_id, $data) {
LINE: 205
CODE: public function getTotalProducts($data = array()) {
LINE: 695
CODE: weight_prefix = '" . $this->db->escape($product_option_value['weight_prefix']) . "'
LINE: 106
LINE: 253
CODE: 'weight'                  => $product_option_value['weight'],
LINE: 584
CODE: SELECT * FROM " . DB_PREFIX . "product_option_value
LINE: 571

FILE: catalog/controller/product/product.php
CODE: $data['options'] = array();
LINE: 479

FILE: catalog/view/theme/baghli-arbash/template/product/product.tpl
CODE: <?php echo $footer; ?>
NOT FOUND - OPERATIONS ABORTED!

FILE: catalog/view/theme/default/template/product/product.tpl
CODE: <?php echo $footer; ?>
LINE: 630

FILE: catalog/model/catalog/product.php
CODE: SELECT * FROM " . DB_PREFIX . "product_option_value pov
LINE: 464
CODE: public function getProductOptions($product_id) {
LINE: 492
----------------------------------------------------------------
MOD: Subcategory Products in Parent Category

FILE: catalog/controller/product/category.php
CODE: 'filter_category_id' => $category_id,
LINE: 239

FILE: catalog/controller/extension/module/category.php
CODE: $categories = $this->model_catalog_category->getCategories(0);
LINE: 31

FILE: catalog/view/theme/baghli-arbash/template/extension/module/category.tpl
CODE: <div class="list-group">
LINE: 0

FILE: catalog/view/theme/default/template/extension/module/category.tpl
CODE: <div class="list-group">
LINE: 0
----------------------------------------------------------------
2017-11-07 20:11:33 - MOD: Modification Default

FILE: system/engine/action.php
REGEX: ~(require|include)(_once)?\(([^)]+)~
LINE: 41

FILE: system/engine/loader.php
REGEX: ~(require|include)(_once)?\(([^)]+)~
LINE: 49
LINE: 108
LINE: 120
LINE: 165

FILE: system/library/config.php
REGEX: ~(require|include)(_once)?\(([^)]+)~
LINE: 23

FILE: system/library/language.php
REGEX: ~(require|include)(_once)?\(([^)]+)~
LINE: 38
LINE: 40
LINE: 49
LINE: 51
LINE: 60
LINE: 62

FILE: system/library/template/php.php
REGEX: ~(require|include)(_once)?\(([^)]+)~
LINE: 18

FILE: system/library/template/tiwg.php
REGEX: ~(require|include)(_once)?\(([^)]+)~
LINE: 24
----------------------------------------------------------------
MOD: Product Option Image

FILE: admin/language/en-gb/catalog/product.php
CODE: // Text
LINE: 8

FILE: admin/controller/catalog/product.php
CODE: $this->load->model('customer/customer_group');
LINE: 1183
CODE: $this->load->model('catalog/option');
LINE: 1100
LINE: 1423
CODE: $product_option_value_data[] = array(
LINE: 1124
LINE: 1481
CODE: 'weight'                  => $product_option_value['weight'],
LINE: 1137

FILE: admin/view/template/catalog/product_form.tpl
CODE: <li><a href="#tab-option" data-toggle="tab"><?php echo $tab_option; ?></a></li>
LINE: 37
CODE: <div class="tab-pane" id="tab-option">
LINE: 500
CODE: <?php echo $footer; ?>
LINE: 1489
CODE: value="<?php echo $product_option_value['weight']; ?>" placeholder="<?php echo $entry_weight; ?>" class="form-control" /></td>
LINE: 679
CODE: placeholder="<?php echo $entry_weight; ?>" class="form-control" /></td>';
LINE: 1346
CODE: <td class="text-right"><?php echo $entry_weight; ?></td>';
LINE: 1266

FILE: admin/model/catalog/product.php
CODE: public function addProduct($data) {
LINE: 63
CODE: public function editProduct($product_id, $data) {
LINE: 205
CODE: public function getTotalProducts($data = array()) {
LINE: 695
CODE: weight_prefix = '" . $this->db->escape($product_option_value['weight_prefix']) . "'
LINE: 106
LINE: 253
CODE: 'weight'                  => $product_option_value['weight'],
LINE: 584
CODE: SELECT * FROM " . DB_PREFIX . "product_option_value
LINE: 571

FILE: catalog/controller/product/product.php
CODE: $data['options'] = array();
LINE: 481

FILE: catalog/view/theme/baghli-arbash/template/product/product.tpl
CODE: <?php echo $footer; ?>
LINE: 794

FILE: catalog/view/theme/default/template/product/product.tpl
CODE: <?php echo $footer; ?>
LINE: 630

FILE: catalog/model/catalog/product.php
CODE: SELECT * FROM " . DB_PREFIX . "product_option_value pov
LINE: 464
CODE: public function getProductOptions($product_id) {
LINE: 492
----------------------------------------------------------------
2017-11-07 20:11:37 - MOD: Modification Default

FILE: system/engine/action.php
REGEX: ~(require|include)(_once)?\(([^)]+)~
LINE: 41

FILE: system/engine/loader.php
REGEX: ~(require|include)(_once)?\(([^)]+)~
LINE: 49
LINE: 108
LINE: 120
LINE: 165

FILE: system/library/config.php
REGEX: ~(require|include)(_once)?\(([^)]+)~
LINE: 23

FILE: system/library/language.php
REGEX: ~(require|include)(_once)?\(([^)]+)~
LINE: 38
LINE: 40
LINE: 49
LINE: 51
LINE: 60
LINE: 62

FILE: system/library/template/php.php
REGEX: ~(require|include)(_once)?\(([^)]+)~
LINE: 18

FILE: system/library/template/tiwg.php
REGEX: ~(require|include)(_once)?\(([^)]+)~
LINE: 24
----------------------------------------------------------------
MOD: Product Option Image

FILE: admin/language/en-gb/catalog/product.php
CODE: // Text
LINE: 8

FILE: admin/controller/catalog/product.php
CODE: $this->load->model('customer/customer_group');
LINE: 1183
CODE: $this->load->model('catalog/option');
LINE: 1100
LINE: 1423
CODE: $product_option_value_data[] = array(
LINE: 1124
LINE: 1481
CODE: 'weight'                  => $product_option_value['weight'],
LINE: 1137

FILE: admin/view/template/catalog/product_form.tpl
CODE: <li><a href="#tab-option" data-toggle="tab"><?php echo $tab_option; ?></a></li>
LINE: 37
CODE: <div class="tab-pane" id="tab-option">
LINE: 500
CODE: <?php echo $footer; ?>
LINE: 1489
CODE: value="<?php echo $product_option_value['weight']; ?>" placeholder="<?php echo $entry_weight; ?>" class="form-control" /></td>
LINE: 679
CODE: placeholder="<?php echo $entry_weight; ?>" class="form-control" /></td>';
LINE: 1346
CODE: <td class="text-right"><?php echo $entry_weight; ?></td>';
LINE: 1266

FILE: admin/model/catalog/product.php
CODE: public function addProduct($data) {
LINE: 63
CODE: public function editProduct($product_id, $data) {
LINE: 205
CODE: public function getTotalProducts($data = array()) {
LINE: 695
CODE: weight_prefix = '" . $this->db->escape($product_option_value['weight_prefix']) . "'
LINE: 106
LINE: 253
CODE: 'weight'                  => $product_option_value['weight'],
LINE: 584
CODE: SELECT * FROM " . DB_PREFIX . "product_option_value
LINE: 571

FILE: catalog/controller/product/product.php
CODE: $data['options'] = array();
LINE: 481

FILE: catalog/view/theme/baghli-arbash/template/product/product.tpl
CODE: <?php echo $footer; ?>
LINE: 794

FILE: catalog/view/theme/default/template/product/product.tpl
CODE: <?php echo $footer; ?>
LINE: 630

FILE: catalog/model/catalog/product.php
CODE: SELECT * FROM " . DB_PREFIX . "product_option_value pov
LINE: 464
CODE: public function getProductOptions($product_id) {
LINE: 492
----------------------------------------------------------------
